[  0.0000] Liuxversio4.150-33-geeric(builddlcy01-ad6-024(gcc vsion .30 (Uunu 7.3.0-16ubuntu3)) #36-Ubuntu SMP Wed Aug 15 16:00:05 UTC 2018 (Ubuntu 4.15.0-33.36-generic 4.15.18)
[    .00000] Coman lineBOOT_AGE=/botvminuz4.150-3-generic oo=UUI=faad6-c4ed-4e57-a01-5868a37f06c ro console=tty1 console=ttyS0
[    0.000000] KERNEL supported cpus:
[    0.000000]   Intel GeninInte
[   0.000000]   AMDAutheticAMD
[   000000]  Cntaur enaurHaus
[    0.00000] x86/fu: SupportngXSAVE eaure x001:'x87 loatin point egiters'[    000000] x6/pu:Suportin XAVE feature 0x00 'SSE reisers'
[    0.000000] x86/fpu: Supporting XSAVE feature 0x004: 'AVX registers'
[    0.000000] x86/fpu: xstate_offset[2]:  576, xstate_sizes[2]:  256
[    0.000000] x86/fpu: Enabled xstate features 0x7, context size is 832 bte, using 'standad'forma.
[    0.00000] e80:BIOSprovidedphyscal RAM map:
[   0.0000] BIOS-e820 [em 0000000000000000-0x000000000009fbff] usable
[    0.000000] BIOS-e820: [mem 0x000000009c00-x00000000009ffff] reserved
[    0.000000] BIOS-e820: [mem 0x00000000000f0000-0x00000000000fffff] reserved
[    0.000000] BIOS-e820: [mem 0x0000000000100000-0x000000007ffeffff] usable
[    0.000000] BIOS-e820: [mem 0x000000007fff0000-0x000000007fffffff] ACPI data
[    0.000000] BIOS-e820: [mem 0x00000000fffc0000-0x00000000ffffffff] reserved
[    0.000000] NX (Execute Disable) protection: active
[    0.000000] SMBIOS 2.5 present.
[    0.000000] DMI: innotek GmbH VirtualBox/VirtualBox, BIOS VirtualBox 12/01/2006
[    0.000000] Hypervisor detected: KVM
[    0.000000] e820: last_pfn = 0x7fff0 max_arch_pfn = 0x400000000
[    0.000000] MTRR: Disabled
[  0.00000]x86/AT: TRRs dsaled, skippngPAT iitiaizatio to.
   0.0000] CPU MTRRall blank  virtualzed system.
[   0.000000] x86AT: Cnfguaton [-7: WB W  UC- UC WB WT  - UC  
[   0.000000] found SMP MP-table at [mm x0009fff0-0x0009fff mapped at [        (ptrva)]
[    0.00000 Scaing 1 res fr ow mmorycorruption
[    0.000000] RAMDISK: [mem 0x359db000-0x36ce4fff]
[   0.00000 ACPI:arly tbl checksumveificaiondisabled
[   .0000]ACI: RSDP0x0000000000E000000024 v0 VBOX)
[    .0000] API: SD 0x000000007FFF0030 00003C (v01 VBOX   VBOXXSDT 00000001 ASL  00000061)
[    0.000000] ACPI: FACP 0x000000007FFF00F0 0000F4 (v04 VBOX   VBOXFACP 00000001 ASL  00000061)
[    0.000000] ACPI: DSDT 0x000000007FFF0470 0216 (v01 BO   VBBIOS 000002 INTL 20100528)
[    000000]CPI:FAC 0x0000007FFF020 00040
[    000000]ACI: FAC 00000007FFF0200 00004
    000000] API API 00000007FFF0240 00005 (02 VBX  VBOXAPC 0000001 SL 0000061
[    0.000000] ACPI: SSDT 0x0000007FFF02A0 0001CCv01 VBOX   VBOXCPUT00002 INTL 20100528)
[    00000 No UMA cofiguration foud
[    0.00000] akin a node at [em 00000000000000-0x0000007fffff]
[   .00000] ODE_DATA0) allocted [em 0x7ffc5000-0x7ffeffff]
[    0.000000]kvm-clck cpu  msr 0:7f4401, primary cpu clok
[    0.000000] kvm-clock: Usinmsrs 4b564d1 and 4b564d00
[    0.000000] kvm-clock: usin sched offset of 42741022 cycles
[    0.00000] clocksource: kvm-clock: mask: 0xfffffffffffffff max_cycles: 0x1cd424dffb, max_idle_ns: 881590591483 ns
[    0.000000] Zone ranges:
[    0.000000]   DMA      [mem 0x0000000000001000-0x0000000000ffffff]
[    0.000000]   DMA32    [mem 0x00000000100000-0x000000007ffeffff]
[    0.000000]  Normal   empty
[    0.000000]   Device   empty
[    0.000000] Movablzone start or each node
[   0.000000 Erlymeory ode ranges
[    0.00000]   nod   0: [mem 0x0000000000001000-0x000000000009efff]
[    0.000000]   node   0: [mem 0x00000000100000-0x000000007feffff]
[    0.000000] Initmem setup noe  [mem 0x0000000000100-x00000007ffefff]
[    0.000000] Reserved but unavailable: 98 pages
[    0.000000] ACPI:PMTimer IO Port: 0x4008[    0.0000] IOAPIC[0]: aicid 2, version7, addrss0xfe0000, GSI 0-23[   0.00000] ACPI: NTSRC_OV (bu 0 bus_irq 0 global_irq 2 dfl dfl)
[    0.000000] ACPI: NT_SRC_OVR (bus 0 bus_irq 9 gloal_irq  high level)
[    0.000000] Using ACPI (MADT) for SP onfiguratio inormaio
[   0000000] mpboot: Allowng 2PUs, 0 hotplu CPUs
[    0.000000] PM: Rgistered nosave memory:[mem 0x0000000-0x000fff]
[    000000] PM Registered nosave memory: [em0x009f00-0x0009fff]
[    0.00000 PM: Registre nosav mmory:[mm 0000a0000-x000efff]
[  0.00000] PM: Registerednose memory [em 0x0000000x00ffff]
[   0.000000] e0: [mem 0x80000000-0xfffbffff] available for PCI devices
[   0.00000] Booting paravirtualized kernel on KVM
[     0.000000] clocksource: refined-jiffies: mask: 0xffffffff max_cycles 0fffffff, mx_idle_ns: 76451960211568 ns
[    0.000000] random: get_random_bytes calledfrm tat_kernel+0x99/0x4fd with crng_init=0
[    0.000000] setup_percpu: NR_CPUS:812 r_cpumask_bits:2 nr_cpu_id:2nr_ndeids:
[    .000000] percp: Emeddd 46 pge/cpu @        (tral) s5152 r82 d28672 u104876
[    .00000] P qspinlock hash table entris: 26 orde: , 409 byts)
   0.00000] Built  zoelist mobiliy roupng on.  Totl pages: 515961
[   .000000] Policzone:DMA32
[   0.0000] Kernel command lin: OO_IMAE=/bot/vlinuz-4.15.0-3-gneri rot=UUI=faacd62-c4e-457-a0-6588a37f06c ro conole=tty1 consolttyS0
[    .0000]Memory: 25284K/09696Kavilabl(1230Kkernel code, 2470 rdata, 24K odta 208K iit 2416Kbs, 81412K resrvd, 0K ma-reserved
[    0000000 SLUB: HWalign=64, Order=0-3, MinObjects=0, CPUs=2, Nodes=1
[    0.000000] Kernel/User page tables isolation: enabled
[    0.000000] ftrace: allocating 39121 entries in 153 pages
[    0.004000] Hierarchical RCU implementation.
[    0.004000] 	RCU restricting CPUs from NR_CPUS=8192 to nr_cpu_ids=2.
[   .004000] 	Tasks RCU enbled.
[    0.004000] RC: djusting gomtr fr cufanoutlef=16, _cpu_ids=2
    000400] R_IRQS: 52444 nr_irq: 40, prealloted rq: 16
[    .00000] Cnsle: colour VGA+ 80x25
   0.0400] cnsole [tty1] enabled
[    .004000] console [ttyS0] enabled
[    0.004000] ACPI: Core revision 20170831
[    0.004000] ACPI: 2 ACPI AML tables successfully acquired and loaded
[    0.004000] APIC: Switch to symmetric I/O mode setup
[    0.005149] ..TIMER: vector=0x30 apic1=0 pin1=2 apic2=-1 pin2=-1
[    0.008006] tsc: Detected 2494.226 MHz processor
[    0.012012] Calibrating delay loop (skipped) preset value.. 4988.45 BogoMIPS (lpj=9976904)
[    0.016008] pid_max: default: 32768 minimum: 301
[    0.020074] Security Framework initialized
[    0.024004] Yama: becoming mindful.
[    0.024562] AppArmor: AppArmor initialized
[    0.026723] Dentry cache hash table entries: 262144 (order: 9, 2097152 bytes)
[    0.029380] Inode-cache hash table entries: 131072 (order: 8, 1048576 bytes)
[    0.032033] Mount-cache hash table entries: 4096 (order: 3, 32768 bytes)
[    0.036018] Mountpoint-cache hash table entries: 4096 (order: 3, 32768 bytes)
[    0.040220] mce: CPU supports 0 MCE banks
[    0.044027] Last level iTLB entries: 4KB 1024, 2MB 1024, 4MB 1024
[    0.048021] Last level dTLB entries: 4KB 1024, 2MB 1024, 4MB 1024, 1GB 4
[    0.052008] Spectre V2 : Mitigation: Full generic retpoline
[    0.052838] Speculative Store Bypass: Vulnerable
[    0.053634] Freeing SMP alternatives memory: 36K
[    0.060000] smpboot: CPU0: Intel(R) Core(TM) i7-4870HQ CPU @ 2.50GHz (family: 0x6, model: 0x46, stepping: 0x1)
[    0.060092] Performance Events: unsupported p6 CPU model 70 no PMU driver, software events only.
[    0.064070] Hierarchical SRCU implementation.
[    0.068626] NMI watchdog: Perf event create on CPU 0 failed with -2
[    0.072007] NMI watchdog: Perf NMI watchdog permanently disabled
[    0.072977] smp: Bringing up secondary CPUs ...
[    0.073703] x86: Booting SMP configuration:
[    0.076005] .... node  #0, CPUs:      #1
[    0.004000] kvm-clock: cpu 1, msr 0:7ff44041, secondary cpu clock
[    0.004000] mce: CPU supports 0 MCE banks
[    0.154733] smp: Brought up 1 node, 2 CPUs
[    0.156014] smpboot: Max logical packages: 1
[    0.160010] smpboot: Total of 2 processors activated (9976.90 BogoMIPS)
[    0.164374] devtmpfs: initialized
[    0.172007] x86/mm: Memory block size: 128MB
[    0.172807] evm: security.selinux
[    0.173316] evm: security.SMACK64
[    0.173819] evm: security.SMACK64EXEC
[    0.176009] evm: security.SMACK64TRANSMUTE
[    0.180006] evm: security.SMACK64MMAP
[    0.184008] evm: security.apparmor
[    0.188007] evm: security.ima
[    0.192007] evm: security.capability
[    0.196120] clocksource: jiffies: mask: 0xffffffff max_cycles: 0xffffffff, max_idle_ns: 7645041785100000 ns
[    0.200019] futex hash table entries: 512 (order: 3, 32768 bytes)
[    0.208052] pinctrl core: initialized pinctrl subsystem
[    0.212142] RTC time: 22:23:56, date: 09/03/18
[    0.216223] NET: Registered protocol family 16
[    0.216979] audit: initializing netlink subsys (disabled)
[    0.220082] audit: type=2000 audit(1536013424.274:1): state=initialized audit_enabled=0 res=1
[    0.260013] cpuidle: using governor ladder
[    0.264020] cpuidle: using governor menu
[    0.268065] ACPI: bus type PCI registered
[    0.272007] acpiphp: ACPI Hot Plug PCI Controller Driver version: 0.5
[    0.276111] PCI: Using configuration type 1 for base access
[    0.285416] HugeTLB registered 2.00 MiB page size, pre-allocated 0 pages
[    0.292142] ACPI: Added _OSI(Module Device)
[    0.304007] ACPI: Added _OSI(Processor Device)
[    0.316009] ACPI: Added _OSI(3.0 _SCP Extensions)
[    0.356009] ACPI: Added _OSI(Processor Aggregator Device)
[    0.384011] ACPI: Added _OSI(Linux-Dell-Video)
[    0.392351] ACPI: Executed 1 blocks of module-level executable AML code
[    0.440105] ACPI: Interpreter enabled
[    0.448018] ACPI: (supports S0 S5)
[    0.456004] ACPI: Using IOAPIC for interrupt routing
[    0.492260] PCI: Using host bridge windows from ACPI; if necessary, use "pci=nocrs" and report a bug
[    0.532227] ACPI: Enabled 2 GPEs in block 00 to 07
[    0.558107] ACPI: PCI Root Bridge [PCI0] (domain 0000 [bus 00-ff])
[    0.600023] acpi PNP0A03:00: _OSC: OS supports [ASPM ClockPM Segments MSI]
[    0.632026] acpi PNP0A03:00: _OSC failed (AE_NOT_FOUND); disabling ASPM
[    0.648037] acpi PNP0A03:00: fail to add MMCONFIG information, can't access extended PCI configuration space under this bridge.
[    0.704362] PCI host bridge to bus 0000:00
[    0.720009] pci_bus 0000:00: root bus resource [io  0x0000-0x0cf7 window]
[    0.768017] pci_bus 0000:00: root bus resource [io  0x0d00-0xffff window]
[    0.784011] pci_bus 0000:00: root bus resource [mem 0x000a0000-0x000bffff window]
[    0.820011] pci_bus 0000:00: root bus resource [mem 0x80000000-0xffdfffff window]
[    0.856032] pci_bus 0000:00: root bus resource [bus 00-ff]
[    0.873596] pci 0000:00:01.1: legacy IDE quirk: reg 0x10: [io  0x01f0-0x01f7]
[    0.888010] pci 0000:00:01.1: legacy IDE quirk: reg 0x14: [io  0x03f6]
[    0.928017] pci 0000:00:01.1: legacy IDE quirk: reg 0x18: [io  0x0170-0x0177]
[    0.944027] pci 0000:00:01.1: legacy IDE quirk: reg 0x1c: [io  0x0376]
[    0.988420] ACPI: PCI Interrupt Link [LNKA] (IRQs 5 9 10 11) *0, disabled.
[    1.016554] ACPI: PCI Interrupt Link [LNKB] (IRQs 5 9 10 *11)
[    1.040203] ACPI: PCI Interrupt Link [LNKC] (IRQs 5 9 *10 11)
[    1.052146] ACPI: PCI Interrupt Link [LNKD] (IRQs 5 *9 10 11)
[    1.053446] SCSI subsystem initialized
[    1.054075] pci 0000:00:02.0: vgaarb: setting as boot VGA device
[    1.056000] pci 0000:00:02.0: vgaarb: VGA device added: decodes=io+mem,owns=io+mem,locks=none
[    1.132027] pci 0000:00:02.0: vgaarb: bridge control possible
[    1.136004] vgaarb: loaded
[    1.136517] ACPI: bus type USB registered
[    1.172062] usbcore: registered new interface driver usbfs
[    1.200057] usbcore: registered new interface driver hub
[    1.216066] usbcore: registered new device driver usb
[    1.220087] EDAC MC: Ver: 3.0.0
[    1.244276] PCI: Using ACPI for IRQ routing
[    1.248373] NetLabel: Initializing
[    1.252007] NetLabel:  domain hash size = 128
[    1.256007] NetLabel:  protocols = UNLABELED CIPSOv4 CALIPSO
[    1.260132] NetLabel:  unlabeled traffic allowed by default
[    1.264150] clocksource: Switched to clocksource kvm-clock
[    1.34636 VFS: Diskqutasdqt_.60  1.0418 V: Dquo-cche hah ab entie: 2 orr , 96 bytes)
  2.20940] ppAror ApAor ilsyem Enbl
  2.20229 pp: PP ACPI int  2.44322] pnp P ACI:oud  dvics
[  3.27133] clocsouce: pi_pm: mask: 0xffffff max_cycles: 0xffffff, max_idle_ns: 208570102 n
[  3.68894] NETRegsted protocol fail2
[    4.042761 T established hash tableentries: 16384 (order: 5, 131072 bytes)
[    4.20893] T bnd hash table entries: 16384 (order: 6, 262144 bytes)
[    4.346511] TCP: Hash tables configured (etalied164 nd164)
[    4.663] UDP hash talentie 1024 orer3,328 te
[    5.149755]UD-Lite as tleenies 124(ode:  3278 yt)[  56199] NET: egteredprotocol family 1
[    .980] i 000:0:0.0: LiitngdirectPCPCI transfers
[    6.2969] ci 0000:00:01.0: Activating ISA DMA hang workarounds
[    6.399087] pci 0000:00:02.0: Video devceith shadowed ROM at [mem 0x000c0000-0x000dffff]
[    6.488892] Unpacking initramfs...
[  69348] Frengnid emy:1996
[    7.197483] platform rtc_cos risereplatform TCdeice (no PNP evcefond
   7602]Scningfo l mmo crrtin ve 60 ecnds
[    8.170702] Initialise system trusted keyrings
[    8.191408] Key type blacklist registered
[    8.228426] tsc: Refined TSC clocksource calibration: 2494.429 MHz
[    8.269761] clocksource: tsc: mask: 0xffffffffffffffff max_cycles: 0x23f4ab1a3b8, max_idle_ns: 440795220701 ns
[    8.269851] workingset: timestamp_bits=36 max_order=19 bucket_order=0
[    8.271122] zbud: loaded
[    8.271624] squashfs: version 4.0 (2009/01/31) Phillip Lougher
[    8.271737] fuse init (API version 7.26)
[    8.272677] Key type asymmetric registered
[    8.272677] Asymmetric key parser 'x509' registered
[    8.272710] Block layer SCSI generic (bsg) driver version 0.4 loaded (major 246)
[    8.272743] io scheduler noop registered
[    8.272744] io scheduler deadline registered
[    8.272850] io scheduler cfq registered (default)
[    8.463306] ACPI: AC Adapter [AC] (off-line)
[    8.463969] input: Power Button as /devices/LNXSYSTM:00/LNXPWRBN:00/input/input0
[    8.465081] ACPI: Power Button [PWRF]
[    8.465687] input: Sleep Button as /devices/LNXSYSTM:00/LNXSLPBN:00/input/input1
[    8.483916] ACPI: Sleep Button [SLPF]
[    8.499556] Serial: 8250/16550 driver, 32 ports, IRQ sharing enabled
[    8.501500] ACPI: Battery Slot [BAT0] (battery present)
[    8.530249] 00:02: ttyS0 at I/O 0x3f8 (irq = 4, base_baud = 115200) is a 16550A
[    8.538257] Linux agpgart interface v0.103
[    8.539805] loop: module loaded
[    8.540866] scsi host0: ata_piix
[    8.571475] scsi host1: ata_piix
[    8.580394] ata1: PATA max UDMA/33 cmd 0x1f0 ctl 0x3f6 bmdma 0xd000 irq 14
[    8.581986] ata2: PATA max UDMA/33 cmd 0x170 ctl 0x376 bmdma 0xd008 irq 15
[    8.583749] libphy: Fixed MDIO Bus: probed
[    8.585027] tun: Universal TUN/TAP device driver, 1.6
[    8.587319] PPP generic driver version 2.4.2
[    8.588677] ehci_hcd: USB 2.0 'Enhanced' Host Controller (EHCI) Driver
[    8.594075] ehci-pci: EHCI PCI platform driver
[    8.601010] ehci-platform: EHCI generic platform driver
[    8.608765] ohci_hcd: USB 1.1 'Open' Host Controller (OHCI) Driver
[    8.620576] ohci-pci: OHCI PCI platform driver
[    8.625308] ohci-platform: OHCI generic platform driver
[    8.634346] uhci_hcd: USB Universal Host Controller Interface driver
[    8.666093] i8042: PNP: PS/2 Controller [PNP0303:PS2K,PNP0f03:PS2M] at 0x60,0x64 irq 1,12
[    8.669659] serio: i8042 KBD port at 0x60,0x64 irq 1
[    8.670841] serio: i8042 AUX port at 0x60,0x64 irq 12
[    8.672408] mousedev: PS/2 mouse device common for all mice
[    8.677154] input: AT Translated Set 2 keyboard as /devices/platform/i8042/serio0/input/input2
[    8.682754] rtc_cmos rtc_cmos: rtc core: registered rtc_cmos as rtc0
[    8.73320 rc_osrt_cs:lamsupo neda, 114 ytes nvra

[   9.263] 2c /ev etresdriver
[    9.466702] device-mapper: uevent: version 1.0.3
[    9.473774] device-mapper: ioctl: 4.37.0-ioctl (2017-09-20) initialised: dm-devel@redhat.com
[    9.508586] ledtrig-cpu: registered to indicate activity on CPUs
[    9.563457] NET: Registered protocol family 10
[    9.584549] Segment Routing with IPv6
[    9.588807] NET: Registered protocol family 17
[    9.624936] Key type dns_resolver registered
[    9.644974] RAS: Correctable Errors collector initialized.
[    9.670072] sched_clock: Marking stable (9670017247, 0)->(28205490410, -18535473163)
[    9.771226] registered taskstats version 1
[    9.800552] Loading compiled-in X.509 certificates
[    9.826485] Loaded X.509 cert 'Build time autogenerated kernel key: b2b2adbda3eef7b219e699c1b87c022096150517'
[    9.873959] zswap: loaded using pool lzo/zbud
[    9.905493] Key type big_key registered
[    9.917117] Key type trusted registered
[    9.938608] Key type encrypted registered
[    9.958347] AppArmor: AppArmor sha1 policy hashing enabled
[    9.960432] ima: No TPM chip found, activating TPM-bypass! (rc=-19)
[    9.994082] evm: HMAC attrs: 0x1
[   10.011164]   Magic number: 2:401:400
[   10.023176] rtc_cmos rtc_cmos: setting system clock to 2018-09-03 22:24:06 UTC (1536013446)
[   10.069027] BIOS EDD facility v0.16 2004-Jun-25, 0 devices found
[   10.073173] EDD information not available.
[   10.083362] Freeing unused kernel memory: 2408K
[   10.111749] Write protecting the kernel read-only data: 20480k
[   10.209580] Freeing unused kernel memory: 2008K
[   10.692483] Freeing unused kernel memory: 1900K
[   11.770004] x86/mm: Checked W+X mappings: passed, no W+X pages found.
[   13.159120] x86/mm: Checking user space page tables
[   14.167368] x86/mm: Checked W+X mappings: passed, no W+X pages found.
Loading, please wait...
starting version 237
[   15.335462] Fusion MPT base driver 3.04.20
[   15.374314] Copyright (c) 1999-2008 LSI Corporation
[   15.395697] e1000: Intel(R) PRO/1000 Network Driver - version 7.3.21-k8-NAPI
[   15.459152] e1000: Copyright (c) 1999-2006 Intel Corporation.
[   15.484868] AVX version of gcm_enc/dec engaged.
[   15.538506] AES CTR mode by8 optimization enabled
[   15.568287] Fusion MPT SPI Host driver 3.04.20
[   15.708895] input: ImExPS/2 Generic Explorer Mouse as /devices/platform/i8042/serio1/input/input4
[   16.127296] e1000 0000:00:03.0 eth0: (PCI:33MHz:32-bit) 02:0c:ab:1a:41:62
[   16.211972] e1000 0000:00:03.0 eth0: Intel(R) PRO/1000 Network Connection
[   16.359089] mptbase: ioc0: Initiating bringup
[   16.360445] e1000 0000:00:03.0 enp0s3: renamed from eth0
[   16.452194] ioc0: LSI53C1030 A0: Capabilities={Initiator}
[   16.714355] scsi host2: ioc0: LSI53C1030 A0, FwRev=00000000h, Ports=1, MaxQ=256, IRQ=20
[   16.901140] scsi 2:0:0:0: Direct-Access     VBOX     HARDDISK         1.0  PQ: 0 ANSI: 5
[   16.984910] scsi target2:0:0: Beginning Domain Validation
[   17.075228] scsi target2:0:0: Domain Validation skipping write tests
[   17.345205] scsi target2:0:0: Ending Domain Validation
[   17.393664] scsi target2:0:0: asynchronous
[   17.425376] scsi 2:0:1:0: Direct-Access     VBOX     HARDDISK         1.0  PQ: 0 ANSI: 5
[   18.509633] scsi target2:0:1: Beginning Domain Validation
[   18.752844] random: fast init done
[   18.753719] scsi target2:0:1: Domain Validation skipping write tests
[   18.754601] scsi target2:0:1: Ending Domain Validation
[   18.755370] scsi target2:0:1: asynchronous
[   19.108410] random: systemd-udevd: uninitialized urandom read (16 bytes read)
[   19.108806] sd 2:0:0:0: [sda] 20971520 512-byte logical blocks: (10.7 GB/10.0 GiB)
[   19.108871] sd 2:0:0:0: [sda] Write Protect is off
[   19.109011] sd 2:0:0:0: [sda] Incomplete mode parameter data
[   19.109012] sd 2:0:0:0: [sda] Assuming drive cache: write through
[   19.116124] sd 2:0:0:0: Attached scsi generic sg0 type 0
[   19.116945] sd 2:0:1:0: Attached scsi generic sg1 type 0
[   19.117375] sd 2:0:1:0: [sdb] 20480 512-byte logical blocks: (10.5 MB/10.0 MiB)
[   19.117544]  sda: sda1
[   19.117655] sd 2:0:1:0: [sdb] Write Protect is off
[   19.117804] sd 2:0:1:0: [sdb] Incomplete mode parameter data
[   19.117805] sd 2:0:1:0: [sdb] Assuming drive cache: write through
[   19.118177] sd 2:0:0:0: [sda] Attached SCSI disk
[   19.120576] sd 2:0:1:0: [sdb] Attached SCSI disk
[   19.439311] random: systemd-udevd: uninitialized urandom read (16 bytes read)
[   19.462135] random: systemd-udevd: uninitialized urandom read (16 bytes read)
Begin: Loading essential drivers ... [   21.012208] raid6: sse2x1   gen() 10382 MB/s
[   21.096564] raid6: sse2x1   xor()  7763 MB/s
[   21.172566] raid6: sse2x2   gen() 13136 MB/s
[   21.252103] raid6: sse2x2   xor()  8023 MB/s
[   21.332218] raid6: sse2x4   gen() 14991 MB/s
[   21.412158] raid6: sse2x4   xor()  8644 MB/s
[   21.440322] raid6: using algorithm sse2x4 gen() 14991 MB/s
[   21.476714] raid6: .... xor() 8644 MB/s, rmw enabled
[   21.526167] raid6: using ssse3x2 recovery algorithm
[   21.563341] xor: automatically using best checksumming function   avx       
[   21.609863] async_tx: api initialized (async)
done.
Begin: Running /scripts/init-premount ... done.
Begin: Mounting root file system ... Begin: Running /scripts/local-top ... done.
Begin: Running /scripts/loc[   21.672712] Btrfs loaded, crc32c=crc32c-intel
al-premount ... Scanning for Btrfs filesystems
done.
Warning: fsck no[   21.718732] EXT4-fs (sda1): INFO: recovery required on readonly filesystem
t present, so sk[   21.770223] EXT4-fs (sda1): write access will be enabled during recovery
ipping root file system
[   22.192954] EXT4-fs (sda1): orphan cleanup on readonly fs
[   22.270896] EXT4-fs (sda1): 5 orphan inodes deleted
[   22.292117] EXT4-fs (sda1): recovery complete
[   22.307330] EXT4-fs (sda1): mounted filesystem with ordered data mode. Opts: (null)
done.
Begin: Running /scripts/local-bottom ... done.
Begin: Running /scripts/init-bottom ... done.
[   22.655813] ip_tables: (C) 2000-2006 Netfilter Core Team
[   23.750877] systemd[1]: systemd 237 running in system mode. (+PAM +AUDIT +SELINUX +IMA +APPARMOR +SMACK +SYSVINIT +UTMP +LIBCRYPTSETUP +GCRYPT +GNUTLS +ACL +XZ +LZ4 +SECCOMP +BLKID +ELFUTILS +KMOD -IDN2 +IDN -PCRE2 default-hierarchy=hybrid)
[   25.015106] systemd[1]: Detected virtualization oracle.
[   25.015979] systemd[1]: Detected architecture x86-64.

Welcome to [1mUbuntu 18.04.1 LTS[0m!

[   25.109278] systemd[1]: Set hostname to <rails-dev-box>.
[   26.231959] systemd[1]: Reached target User and Group Name Lookups.
[[0;32m  OK  [0m] Reached target User and Group Name Lookups.
[   26.285327] systemd[1]: Reached target System Time Synchronized.
[[0;32m  OK  [0m] Reached target System Time Synchronized.
[   26.348765] systemd[1]: Set up automount Arbitrary Executable File Formats File System Automount Point.
[[0;32m  OK  [0m] Set up automount Arbitrary Executab…rmats File System Automount Point.
[   26.420361] systemd[1]: Started Forward Password Requests to Wall Directory Watch.
[[0;32m  OK  [0m] Started Forward Password Requests to Wall Directory Watch.
[   26.501713] systemd[1]: Created slice System Slice.
[[0;32m  OK  [0m] Created slice System Slice.
[   26.577104] systemd[1]: Listening on LVM2 metadata daemon socket.
[[0;32m  OK  [0m] Listening on LVM2 metadata daemon socket.
[[0;32m  OK  [0m] Listening on LVM2 poll daemon socket.
[[0;32m  OK  [0m] Listening on Syslog Socket.
[[0;32m  OK  [0m] Listening on Journal Audit Socket.
[[0;32m  OK  [0m] Listening on Journal Socket.
         Starting Load Kernel Modules...
         Mounting Kernel Debug File System...
         Starting Set the console keyboard layout...
[   26.721020] Loading iSCSI transport class v2.0-870.
[[   28.283269] random: crng init done
[   28.303445] random: 7 urandom warning(s) missed due to ratelimiting
[0;32m  OK  [0m] Listening on [   28.369554] iscsi: registered transport (tcp)
Network Service Netlink Socket.
[[0;32m  OK  [0m] Listening on udev Control Socket.
[   28.410960] iscsi: registered transport (iser)
[[0;32m  OK  [0m] Created slice system-postgresql.slice.
[[0;32m  OK  [0m] Listening on Journal Socket (/dev/log).
         Starting Journal Service...
[[0;32m  OK  [0m] Created slice system-serial\x2dgetty.slice.
         Mounting Huge Pages File System...
[[0;32m  OK  [0m] Listening on udev Kernel Socket.
         Starting Remount[   28.692957] EXT4-fs (sda1): re-mounted. Opts: (null)
 Root and Kernel File Systems...
[[0;32m  OK  [0m] Listening on /dev/initctl Compatibility Named Pipe.
[   28.758975] systemd[1]: Starting udev Coldplug all Devices...
         Starting udev Coldplug all Devices...
[   28.830278] systemd[1]: Starting Create list of required static device nodes for the current kernel...
         Starting Create list of required st…ce nodes for the current kernel...
[   28.972310] systemd[1]: Listening on Device-mapper event daemon FIFOs.
[[0;32m  OK  [0m] Listening on Device-mapper event daemon FIFOs.
[   29.109753] systemd[1]: Starting Monitoring of LVM2 mirrors, snapshots etc. using dmeventd or progress polling...
         Starting Monitoring of LVM2 mirrors…ng dmeventd or progress polling...
[   29.248701] systemd[1]: Created slice User and Session Slice.
[[0;32m  OK  [0m] Created slice User and Session Slice.
[   29.331784] systemd[1]: Reached target Slices.
[[0;32m  OK  [0m] Reached target Slices.
[   30.229408] systemd[1]: Starting Uncomplicated firewall...
         Starting Uncomplicated firewall...
[   30.309996] systemd[1]: Mounting POSIX Message Queue File System...
         Mounting POSIX Message Queue File System...
[   30.353219] systemd[1]: Started Journal Service.
[[0;32m  OK  [0m] Started Journal Service.
[[0;32m  OK  [0m] Started Load Kernel Modules.
[[0;32m  OK  [0m] Mounted Kernel Debug File System.
[[0;32m  OK  [0m] Started Set the console keyboard layout.
[[0;32m  OK  [0m] Mounted Huge Pages File System.
[[0;32m  OK  [0m] Started Remount Root and Kernel File Systems.
[[0;32m  OK  [0m] Started Create list of required sta…vice nodes for the current kernel.
[[0;32m  OK  [0m] Started Uncomplicated firewall.
[[0;32m  OK  [0m] Mounted POSIX Message Queue File System.
[[0;32m  OK  [0m] Started udev Coldplug all Devices.
[[0;32m  OK  [0m] Started LVM2 metadata daemon.
         Starting Create Static Device Nodes in /dev...
         Activating swap /swapfile...
         Starting Load/Save Random Seed...
         Starting Initial cloud-init job [   30.816724] Adding 2097148k swap on /swapfile.  Priority:-2 extents:5 across:2301948k FS
(pre-networking)...
         Starting Apply Kernel Variables...
         Mounting FUSE Control File System...
         Mounting Kernel Configuration File System...
         Starting Flush Journal to Persistent Storage...
[[0;32m  OK  [0m] Activated swap /swapfile.
[[0;32m  OK  [0m] Started Monitoring of LVM2 mirrors,…sing dmeventd or progress polling.
[[0;32m  OK  [0m] Started Create Static Device Nodes in /dev.
[[0;32m  OK  [0m] Started Load/Save Random Seed.
[[0;32m  OK  [0m] Started Apply Kernel Variables.
[[0;32m  OK  [0m] Mounted FUSE Control File System.
[[0;32m  OK  [0m] Mounted Kernel Configuration File System.
         Starting udev Kernel Device Manager...
[[0;32m  OK  [0m] Reached target Local File Systems (Pre).
[[0;32m  OK  [0m] Reached target Local File Systems.
         Starting Set console font and keymap...
         Starting ebtables ruleset management...
         Starting AppArmor initialization...
         Starting Tell Plymouth To Write Out Runtime Data...
[[0;32m  OK  [0m] Reached target Swap.
[[0;32m  OK  [0m] Started udev Kernel Device Manager.
[[0;32m  OK  [0m] Started Set console font and keymap.
[[0;32m  OK  [0m] Started Tell Plymouth To Write Out Runtime Data.
[[0;32m  OK  [0m] Started Dispatch Password Requests to Console Directory Watch.
[[0;32m  OK  [0m] Reached target Local Encrypted Volumes.
[[0;32m  OK  [0m] Found device /dev/ttyS0.
[[0;32m  OK  [0m] Started ebtables ruleset management.
[[0;32m  OK  [0m] Started Flush Journal to Persistent Storage.
[[0;32m  OK  [0m] Listening on Load/Save RF Kill Switch Status /dev/rfkill Watch.
         Starting Create Volatile Files and Directories...
[[0;32m  OK  [0m] Started Create Volatile Files and Directories.
         Starting Update UTMP about System Boot/Shutdown...
[[0;32m  OK  [0m] Started Update UTMP about System Boot/Shutdown.
[[0;32m  OK  [0m] Started AppArmor initialization.
[   32.973420] cloud-init[422]: Cloud-init v. 18.2 running 'init-local' at Mon, 03 Sep 2018 22:24:29 +0000. Up 32.65 seconds.
[[0;32m  OK  [0m] Started Initial cloud-init job (pre-networking).
[[0;32m  OK  [0m] Reached target Network (Pre).
         Starting Network Service...
[[0;32m  OK  [0m] Started Network Service.
         Starting Wait for Network to be Configured...
         Starting Network Name Resolution...
[[0;32m  OK  [0m] Started Network Name Resolution.
[[0;32m  OK  [0m] Reached target Network.
[[0;32m  OK  [0m] Reached target Host and Network Name Lookups.
[[0;32m  OK  [0m] Started Wait for Network to be Configured.
         Starting Initial cloud-init job (metadata service crawler)...
[   35.778169] cloud-init[665]: Cloud-init v. 18.2 running 'init' at Mon, 03 Sep 2018 22:24:31 +0000. Up 35.36 seconds.
[   35.832434] cloud-init[665]: ci-info: +++++++++++++++++++++++++++++++++++++Net device info++++++++++++++++++++++++++++++++++++++
[[0;32m  OK  [0m] Started Initial cloud-init job (metadata service crawler).
[   35.874085] cloud-init[665]: ci-info: +--------+------+---------------------------+---------------+--------+-------------------+
[[0;32m  OK  [0m] Reached target Cloud-config availability.
[   35.965223] cloud-init[665]: ci-info: | Device |  Up  |          Address          |      Mask     | Scope  |     Hw-Address    |
[[0;32m  OK  [0m] Reached target System Initialization.
[   36.004581] [cloud-init[0;32m  OK  [0m[665]: ] ci-info: +--------+------+---------------------------+---------------+--------+-------------------+Listening on ACPID Listen Socket.

[[0;32m  OK  [0m] Listening on D-Bus System Message Bus Socket.
[   36.136593] cloud-init[665]: ci-info: | enp0s3 | True |         10.0.2.15         | 255.255.255.0 | global | 02:0c:ab:1a:41:62 |
[[0;32m  OK  [0m] Started ACPI Events Check.
[   36.183366] [cloud-init[0;32m  OK  [0m[665]: ] ci-info: | enp0s3 | True | fe80::c:abff:fe1a:4162/64 |       .       |  link  | 02:0c:ab:1a:41:62 |Reached target Paths.

[[0;32m  OK  [0m[   36.252172] ] cloud-initListening on UUID daemon activation socket.
[665]: ci-info: |   lo   | True |         127.0.0.1         |   255.0.0.0   |  host  |         .         |
         Starting Socket activation for snappy daemon.
[   36.341167] cloud-init[665]: ci-info: |   lo   | True |          ::1/128          |       .       |  host  |         .         |
[   36.444603] [cloud-init[0;32m  OK  [0m[665]: ] ci-info: +--------+------+---------------------------+---------------+--------+-------------------+Started Daily Cleanup of Temporary Directories.

[[0;32m  OK  [0m] Started Daily apt download activities.
[   36.516801] [cloud-init[0;32m  OK  [0m[665]: ] ci-info: ++++++++++++++++++++++++++++Route IPv4 info+++++++++++++++++++++++++++++Started Daily apt upgrade and clean activities.

[[0;32m  OK  [0m] Started Discard unused blocks once a week.
[   36.594173] cloud-init[665]: ci-info: +-------+-------------+----------+-----------------+-----------+-------+
         Starting LXD - unix socket.[   36.656446] 
cloud-init[665]: ci-info: | Route | Destination | Gateway  |     Genmask     | Interface | Flags |
[[0;32m  OK  [0m] Started Message of the Day.
[   36.716678] [cloud-init[0;32m  OK  [0m[665]: ] ci-info: +-------+-------------+----------+-----------------+-----------+-------+Reached target Timers.

[[0;32m  OK  [0m] Reached target Network is Online.
[   36.736606] cloud-init[665]: ci-info: |   0   |   0.0.0.0   | 10.0.2.2 |     0.0.0.0     |   enp0s3  |   UG  |
         Starting iSCSI initiator daemon (iscsid)...
[   36.872610] cloud-init[665]: ci-info: |   1   |   10.0.2.0  | 0.0.0.0  |  255.255.255.0  |   enp0s3  |   U   |
[[0;32m  OK  [0m] Listening on Socket activation for snappy daemon.
[   36.896663] [cloud-init[0;32m  OK  [0m[665]: ] ci-info: |   2   |   10.0.2.2  | 0.0.0.0  | 255.255.255.255 |   enp0s3  |   UH  |Listening on LXD - unix socket.

[   36.980873] cloud-init[665]: ci-info: +-------+-------------+----------+-----------------+-----------+-------+
[[0;32m  OK  [0m] Reached target Sockets.
[[0;32m  OK  [0m] Reached target Basic System.
[   37.103645] cloud-init[665]: ci-info: +++++++++++++++++++Route IPv6 info+++++++++++++++++++
         Starting Login Service...
[   37.196649] cloud-init[665]: ci-info: +-------+-------------+---------+-----------+-------+
         [   37.244305] Starting RabbitMQ Messaging Server...cloud-init
[665]: ci-info: | Route | Destination | Gateway | Interface | Flags |
[[0;32m  OK  [0m] Started Deferred execution scheduler.
[   37.320918] [cloud-init[0;32m  OK  [0m[665]: ] ci-info: +-------+-------------+---------+-----------+-------+Started Unattended Upgrades Shutdown.

         Starting Apply the settings specified in cloud-config...
[   37.456425] cloud-init[665]: ci-info: |   1   |  fe80::/64  |    ::   |   enp0s3  |   U   |
         Starting Advanced key-value store...
[   37.552404] cloud-init[665]: ci-info: |   3   |    local    |    ::   |   enp0s3  |   U   |
         Starting MySQL Community Server...
[   37.619280] cloud-init[665]: ci-info: |   4   |   ff00::/8  |    ::   |   enp0s3  |   U   |
         Starting System Logging Service...
[   37.679422] cloud-init[665]: ci-info: +-------+-------------+---------+-----------+-------+
         Starting Accounts Service...
         Starting Dispatcher daemon for systemd-networkd...
         Starting Discard unused blocks...
[[0;32m  OK  [0m] Started Regular background program processing daemon.
         Starting Resets System Activity Data Collector...
[[0;32m  OK  [0m] Started irqbalance daemon.
         Starting LXD - container startup/shutdown...
         Starting Virtualbox guest utils...
         Starting LSB: Record successful boot for GRUB...
[[0;32m  OK  [0m] Started memcached daemon.
[[0;32m  OK  [0m] Started D-Bus System Message Bus.
[[0;32m  OK  [0m] Started Login Service.
         Starting PostgreSQL Cluster 10-main...
         Starting OpenBSD Secure Shell server...
[[0;32m  OK  [0m] Started FUSE filesystem for LXC.
[   38.453527] cloud-init[1037]: Cloud-init v. 18.2 running 'modules:config' at Mon, 03 Sep 2018 22:24:34 +0000. Up 38.07 seconds.
         Starting Snappy daemon...
[[0;32m  OK  [0m] Started System Logging Service.
[[0;32m  OK  [0m] Started Dispatcher daemon for systemd-networkd.
[[0;32m  OK  [0m] Started iSCSI initiator daemon (iscsid).
[[0;32m  OK  [0m] Started Apply the settings specified in cloud-config.
[[0;32m  OK  [0m] Started Advanced key-value store.
[[0;32m  OK  [0m] Started Discard unused blocks.
[[0;32m  OK  [0m] Started Resets System Activity Data Collector.
[[0;32m  OK  [0m] Started Snappy daemon.
[[0;32m  OK  [0m] Started LXD - container startup/shutdown.
[[0;32m  OK  [0m] Started OpenBSD Secure Shell server.
         Starting Authorization Manager...
         Starting Wait until snapd is fully seeded...
[[0;32m  OK  [0m] Reached target Remote File Systems (Pre).
[[0;32m  OK  [0m] Reached target Remote File Systems.
         Starting Permit User Sessions...
         Starting LSB: automatic crash report generation...
         Starting Availability of block devices...
[[0;32m  OK  [0m] Started LSB: Record successful boot for GRUB.
[[0;32m  OK  [0m] Started Virtualbox guest utils.
[[0;32m  OK  [0m] Started Wait until snapd is fully seeded.
[[0;32m  OK  [0m] Started Permit User Sessions.
[[0;32m  OK  [0m] Started Availability of block devices.
[[0;32m  OK  [0m] Started Authorization Manager.
[[0;32m  OK  [0m] Started Accounts Service.
[[0;32m  OK  [0m] Created slice User Slice of vagrant.
         Starting User Manager for UID 1000...
[[0;32m  OK  [0m] Started Session 1 of user vagrant.
         Starting Hold until boot process finishes up...
         Starting Terminate Plymouth Boot Screen...
[[0;32m  OK  [0m] Started LSB: automatic crash report generation.
[[0;32m  OK  [0m] Started Hold until boot process finishes up.
[[0;32m  OK  [0m] Started Terminate Plymouth Boot Screen.
[[0;32m  OK  [0m] Started User Manager for UID 1000.
[[0;32m  OK  [0m] Started Serial Getty on ttyS0.
         Starting Set console scheme...
[[0;32m  OK  [0m] Started Set console scheme.
[[0;32m  OK  [0m] Created slice system-getty.slice.
[[0;32m  OK  [0m] Started Getty on tty1.
[[0;32m  OK  [0m] Reached target Login Prompts.
[[0;32m  OK  [0m] Started MySQL Community Server.
[[0;32m  OK  [0m] Started PostgreSQL Cluster 10-main.
         Starting PostgreSQL RDBMS...
[[0;32m  OK  [0m] Started PostgreSQL RDBMS.
[   45.471570] cloud-init[2184]: Cloud-init v. 18.2 running 'modules:final' at Mon, 03 Sep 2018 22:24:41 +0000. Up 45.31 seconds.
[   45.472038] cloud-init[2184]: Cloud-init v. 18.2 finished at Mon, 03 Sep 2018 22:24:41 +0000. Datasource DataSourceNoCloud [seed=/dev/sdb][dsmode=net].  Up 45.46 seconds

Ubuntu 18.04.1 LTS rails-dev-box ttyS0

rails-dev-box login: 